     1                                  SECTION .data
     2 00000000 D0A1D0BAD0B0D0BDD0-         lab5: DB 'Скандарова Полина',10
     2 00000009 B4D0B0D180D0BED0B2-
     2 00000012 D0B020D09FD0BED0BB-
     2 0000001B D0B8D0BDD0B00A     
     3                                      lab5Len: EQU $-lab5
     4                                  
     5                                  SECTION .text
     6                                      GLOBAL _start
     7                                  
     8                                  _start:
     9 00000000 B804000000                  mov eax,4
    10 00000005 BB01000000                  mov ebx,1
    11 0000000A B9[00000000]                mov ecx,lab5
    12 0000000F BA22000000                  mov edx,lab5Len
    13 00000014 CD80                        int 80h
    14                                  
    15 00000016 B801000000                  mov eax,1
    16 0000001B BB00000000                  mov ebx,0
    17 00000020 CD80                        int 80h
